<?xml version="1.0" encoding="UTF-8"?>
<testng-results ignored="0" total="1" passed="1" failed="0" skipped="0">
  <reporter-output>
  </reporter-output>
  <suite started-at="2022-02-06T00:41:04 IST" name="Suite" finished-at="2022-02-06T00:41:15 IST" duration-ms="10517">
    <groups>
    </groups>
    <test started-at="2022-02-06T00:41:04 IST" name="Test" finished-at="2022-02-06T00:41:15 IST" duration-ms="10517">
      <class name="com.test.demo.SaucedemoLoginTest">
        <test-method is-config="true" signature="loadApplication()[pri:0, instance:com.test.demo.SaucedemoLoginTest@3a7b503d]" started-at="2022-02-06T00:41:04 IST" name="loadApplication" finished-at="2022-02-06T00:41:13 IST" duration-ms="8424" status="PASS">
          <reporter-output>
          </reporter-output>
        </test-method> <!-- loadApplication -->
        <test-method signature="loginAsStandardUser()[pri:0, instance:com.test.demo.SaucedemoLoginTest@3a7b503d]" started-at="2022-02-06T00:41:13 IST" name="loginAsStandardUser" finished-at="2022-02-06T00:41:14 IST" duration-ms="1170" status="PASS">
          <reporter-output>
          </reporter-output>
        </test-method> <!-- loginAsStandardUser -->
        <test-method is-config="true" signature="suiteTearDown()[pri:0, instance:com.test.demo.SaucedemoLoginTest@3a7b503d]" started-at="2022-02-06T00:41:14 IST" name="suiteTearDown" finished-at="2022-02-06T00:41:15 IST" duration-ms="580" status="PASS">
          <reporter-output>
          </reporter-output>
        </test-method> <!-- suiteTearDown -->
      </class> <!-- com.test.demo.SaucedemoLoginTest -->
    </test> <!-- Test -->
  </suite> <!-- Suite -->
</testng-results>
