<?xml version="1.0" encoding="UTF-8"?>
<testng-results ignored="0" total="2" passed="2" failed="0" skipped="0">
  <reporter-output>
  </reporter-output>
  <suite started-at="2022-02-27T00:15:24 IST" name="Suite" finished-at="2022-02-27T00:15:34 IST" duration-ms="10147">
    <groups>
    </groups>
    <test started-at="2022-02-27T00:15:24 IST" name="Test" finished-at="2022-02-27T00:15:34 IST" duration-ms="10147">
      <class name="com.test.demo.SaucedemoLoginTest">
        <test-method is-config="true" signature="loadApplication()[pri:0, instance:com.test.demo.SaucedemoLoginTest@53ab0286]" started-at="2022-02-27T00:15:24 IST" name="loadApplication" finished-at="2022-02-27T00:15:32 IST" duration-ms="8761" status="PASS">
          <reporter-output>
          </reporter-output>
        </test-method> <!-- loadApplication -->
        <test-method signature="loginAsStandardUser()[pri:1, instance:com.test.demo.SaucedemoLoginTest@53ab0286]" started-at="2022-02-27T00:15:32 IST" name="loginAsStandardUser" description="Verifying login as standard user" finished-at="2022-02-27T00:15:33 IST" duration-ms="881" status="PASS">
          <reporter-output>
          </reporter-output>
        </test-method> <!-- loginAsStandardUser -->
        <test-method signature="loginAsStandardUser2()[pri:2, instance:com.test.demo.SaucedemoLoginTest@53ab0286]" started-at="2022-02-27T00:15:33 IST" name="loginAsStandardUser2" description="Verifying login as standard user2" finished-at="2022-02-27T00:15:33 IST" duration-ms="7" status="PASS">
          <reporter-output>
          </reporter-output>
        </test-method> <!-- loginAsStandardUser2 -->
        <test-method is-config="true" signature="suiteTearDown()[pri:0, instance:com.test.demo.SaucedemoLoginTest@53ab0286]" started-at="2022-02-27T00:15:33 IST" name="suiteTearDown" finished-at="2022-02-27T00:15:34 IST" duration-ms="401" status="PASS">
          <reporter-output>
          </reporter-output>
        </test-method> <!-- suiteTearDown -->
      </class> <!-- com.test.demo.SaucedemoLoginTest -->
    </test> <!-- Test -->
  </suite> <!-- Suite -->
</testng-results>
